2016-1-10 16:49:7 gsmake (package.lua:24) loading gsmake package
	D:/workspace/gsmake/lib/gsmake/plugin/github.com/gsmake/clang/.gsmake.lua
2016-1-10 16:49:7 gsmake (package.lua:28) load gsmake package -- success
	D:/workspace/gsmake/lib/gsmake/plugin/github.com/gsmake/clang/.gsmake.lua
2016-1-10 16:49:8 gsmake (package.lua:24) loading gsmake package
	D:/workspace/gsmake/lib/gsmake/plugin/github.com/gsmake/lua/.gsmake.lua
2016-1-10 16:49:8 gsmake (package.lua:28) load gsmake package -- success
	D:/workspace/gsmake/lib/gsmake/plugin/github.com/gsmake/lua/.gsmake.lua
2016-1-10 16:49:8 gsmake (package.lua:24) loading gsmake package
	D:/workspace/gsos/.gsmake.lua
2016-1-10 16:49:8 gsmake (package.lua:28) load gsmake package -- success
	D:/workspace/gsos/.gsmake.lua
2016-1-10 16:49:8 gsmake (package.lua:24) loading gsmake package
	D:/workspace/gsmake/lib/gsmake/cmd/builtin/.gsmake.lua
2016-1-10 16:49:8 gsmake (package.lua:28) load gsmake package -- success
	D:/workspace/gsmake/lib/gsmake/cmd/builtin/.gsmake.lua
2016-1-10 16:49:8 gsmake (package.lua:24) loading gsmake package
	D:/workspace/gsmake/lib/gsmake/sync/github.com/gsmake/curl/.gsmake.lua
2016-1-10 16:49:8 gsmake (package.lua:28) load gsmake package -- success
	D:/workspace/gsmake/lib/gsmake/sync/github.com/gsmake/curl/.gsmake.lua
2016-1-10 16:49:8 gsmake (plugin.lua:35) [github.com/gsmake/curl:snapshot] sync plugin package [github.com/gsmake/lua:snapshot]
2016-1-10 16:49:8 gsmake (plugin.lua:39) [github.com/gsmake/curl:snapshot] sync plugin package [github.com/gsmake/lua:snapshot] -- success
	path :D:/workspace/gsmake/lib/gsmake/plugin/github.com/gsmake/lua
2016-1-10 16:49:8 gsmake (plugin.lua:41) [github.com/gsmake/curl:snapshot] load plugin package [github.com/gsmake/lua:snapshot]
	path :D:/workspace/gsmake/lib/gsmake/plugin/github.com/gsmake/lua
2016-1-10 16:49:8 gsmake (package.lua:24) loading gsmake package
	D:/workspace/gsmake/lib/gsmake/plugin/github.com/gsmake/lua/.gsmake.lua
2016-1-10 16:49:8 gsmake (package.lua:28) load gsmake package -- success
	D:/workspace/gsmake/lib/gsmake/plugin/github.com/gsmake/lua/.gsmake.lua
2016-1-10 16:49:8 gsmake (plugin.lua:47) [github.com/gsmake/curl:snapshot] load plugin package [github.com/gsmake/lua:snapshot] -- success
	path :D:/workspace/gsmake/lib/gsmake/plugin/github.com/gsmake/lua
2016-1-10 16:49:8 gsmake (package.lua:24) loading gsmake package
	D:/workspace/gsmake/lib/gsmake/sync/github.com/gsmake/git/.gsmake.lua
2016-1-10 16:49:8 gsmake (package.lua:28) load gsmake package -- success
	D:/workspace/gsmake/lib/gsmake/sync/github.com/gsmake/git/.gsmake.lua
2016-1-10 16:49:8 gsmake (plugin.lua:35) [github.com/gsmake/git:snapshot] sync plugin package [github.com/gsmake/lua:snapshot]
2016-1-10 16:49:8 gsmake (plugin.lua:39) [github.com/gsmake/git:snapshot] sync plugin package [github.com/gsmake/lua:snapshot] -- success
	path :D:/workspace/gsmake/lib/gsmake/plugin/github.com/gsmake/lua
2016-1-10 16:49:8 gsmake (plugin.lua:41) [github.com/gsmake/git:snapshot] load plugin package [github.com/gsmake/lua:snapshot]
	path :D:/workspace/gsmake/lib/gsmake/plugin/github.com/gsmake/lua
2016-1-10 16:49:8 gsmake (package.lua:24) loading gsmake package
	D:/workspace/gsmake/lib/gsmake/plugin/github.com/gsmake/lua/.gsmake.lua
2016-1-10 16:49:8 gsmake (package.lua:28) load gsmake package -- success
	D:/workspace/gsmake/lib/gsmake/plugin/github.com/gsmake/lua/.gsmake.lua
2016-1-10 16:49:8 gsmake (plugin.lua:47) [github.com/gsmake/git:snapshot] load plugin package [github.com/gsmake/lua:snapshot] -- success
	path :D:/workspace/gsmake/lib/gsmake/plugin/github.com/gsmake/lua
2016-1-10 16:49:9 gsmake (plugin.lua:35) [github.com/gsdocker/gsos:snapshot] sync plugin package [github.com/gsmake/commands:snapshot]
2016-1-10 16:49:9 gsmake (plugin.lua:39) [github.com/gsdocker/gsos:snapshot] sync plugin package [github.com/gsmake/commands:snapshot] -- success
	path :D:/workspace/gsmake/lib/gsmake/cmd/builtin
2016-1-10 16:49:9 gsmake (plugin.lua:41) [github.com/gsdocker/gsos:snapshot] load plugin package [github.com/gsmake/commands:snapshot]
	path :D:/workspace/gsmake/lib/gsmake/cmd/builtin
2016-1-10 16:49:9 gsmake (package.lua:24) loading gsmake package
	D:/workspace/gsmake/lib/gsmake/cmd/builtin/.gsmake.lua
2016-1-10 16:49:9 gsmake (package.lua:28) load gsmake package -- success
	D:/workspace/gsmake/lib/gsmake/cmd/builtin/.gsmake.lua
2016-1-10 16:49:9 gsmake (plugin.lua:35) [github.com/gsmake/commands:snapshot] sync plugin package [github.com/gsmake/lua:snapshot]
2016-1-10 16:49:9 gsmake (plugin.lua:39) [github.com/gsmake/commands:snapshot] sync plugin package [github.com/gsmake/lua:snapshot] -- success
	path :D:/workspace/gsmake/lib/gsmake/plugin/github.com/gsmake/lua
2016-1-10 16:49:9 gsmake (plugin.lua:41) [github.com/gsmake/commands:snapshot] load plugin package [github.com/gsmake/lua:snapshot]
	path :D:/workspace/gsmake/lib/gsmake/plugin/github.com/gsmake/lua
2016-1-10 16:49:9 gsmake (package.lua:24) loading gsmake package
	D:/workspace/gsmake/lib/gsmake/plugin/github.com/gsmake/lua/.gsmake.lua
2016-1-10 16:49:9 gsmake (package.lua:28) load gsmake package -- success
	D:/workspace/gsmake/lib/gsmake/plugin/github.com/gsmake/lua/.gsmake.lua
2016-1-10 16:49:9 gsmake (plugin.lua:47) [github.com/gsmake/commands:snapshot] load plugin package [github.com/gsmake/lua:snapshot] -- success
	path :D:/workspace/gsmake/lib/gsmake/plugin/github.com/gsmake/lua
2016-1-10 16:49:9 gsmake (plugin.lua:47) [github.com/gsdocker/gsos:snapshot] load plugin package [github.com/gsmake/commands:snapshot] -- success
	path :D:/workspace/gsmake/lib/gsmake/cmd/builtin
2016-1-10 16:49:9 gsmake (plugin.lua:35) [github.com/gsdocker/gsos:snapshot] sync plugin package [github.com/gsmake/golang:snapshot]
2016-1-10 16:49:9 gsmake (plugin.lua:39) [github.com/gsdocker/gsos:snapshot] sync plugin package [github.com/gsmake/golang:snapshot] -- success
	path :D:\workspace\gsmake-golang\
2016-1-10 16:49:9 gsmake (plugin.lua:41) [github.com/gsdocker/gsos:snapshot] load plugin package [github.com/gsmake/golang:snapshot]
	path :D:\workspace\gsmake-golang\
2016-1-10 16:49:9 gsmake (package.lua:24) loading gsmake package
	D:/workspace/gsmake-golang/.gsmake.lua
2016-1-10 16:49:9 gsmake (package.lua:28) load gsmake package -- success
	D:/workspace/gsmake-golang/.gsmake.lua
2016-1-10 16:49:9 gsmake (plugin.lua:35) [github.com/gsmake/golang:snapshot] sync plugin package [github.com/gsmake/lua:snapshot]
2016-1-10 16:49:9 gsmake (plugin.lua:39) [github.com/gsmake/golang:snapshot] sync plugin package [github.com/gsmake/lua:snapshot] -- success
	path :D:/workspace/gsmake/lib/gsmake/plugin/github.com/gsmake/lua
2016-1-10 16:49:9 gsmake (plugin.lua:41) [github.com/gsmake/golang:snapshot] load plugin package [github.com/gsmake/lua:snapshot]
	path :D:/workspace/gsmake/lib/gsmake/plugin/github.com/gsmake/lua
2016-1-10 16:49:9 gsmake (package.lua:24) loading gsmake package
	D:/workspace/gsmake/lib/gsmake/plugin/github.com/gsmake/lua/.gsmake.lua
2016-1-10 16:49:9 gsmake (package.lua:28) load gsmake package -- success
	D:/workspace/gsmake/lib/gsmake/plugin/github.com/gsmake/lua/.gsmake.lua
2016-1-10 16:49:9 gsmake (plugin.lua:47) [github.com/gsmake/golang:snapshot] load plugin package [github.com/gsmake/lua:snapshot] -- success
	path :D:/workspace/gsmake/lib/gsmake/plugin/github.com/gsmake/lua
2016-1-10 16:49:9 gsmake (plugin.lua:47) [github.com/gsdocker/gsos:snapshot] load plugin package [github.com/gsmake/golang:snapshot] -- success
	path :D:\workspace\gsmake-golang\
2016-1-10 16:49:9 gsmake (plugin.lua:55) [github.com/gsdocker/gsos:snapshot] setup plugin package [github.com/gsmake/commands:snapshot]
	path :D:/workspace/gsmake/lib/gsmake/cmd/builtin
2016-1-10 16:49:9 gsmake (plugin.lua:55) [github.com/gsmake/commands:snapshot] setup plugin package [github.com/gsmake/lua:snapshot]
	path :D:/workspace/gsmake/lib/gsmake/plugin/github.com/gsmake/lua
2016-1-10 16:49:9 gsmake (plugin.lua:57) [github.com/gsmake/commands:snapshot] setup plugin package [github.com/gsmake/lua:snapshot] -- success
	path :D:/workspace/gsmake/lib/gsmake/plugin/github.com/gsmake/lua
2016-1-10 16:49:9 gsmake (plugin.lua:61) [github.com/gsmake/commands:snapshot] install plugin package [github.com/gsmake/lua:snapshot]
	install path :D:/workspace/gsmake/lib/gsmake/cmd/builtin/.gsmake
2016-1-10 16:49:9 gsmake (runner.lua:46) register taskgroup(install) :
2016-1-10 16:49:9 gsmake (runner.lua:48) 	from package [github.com/gsmake/lua:snapshot]
2016-1-10 16:49:9 gsmake (runner.lua:126) topshort task(install) from package [github.com/gsmake/lua:snapshot] ;lua bootstrap install task
2016-1-10 16:49:9 gsmake (runner.lua:70) invoke task(install)
2016-1-10 16:49:9 gsmake (runner.lua:73) 	from package [github.com/gsmake/lua:snapshot] ...
2016-1-10 16:49:9 gsmake (.gsmake.lua:14) install path :D:/workspace/gsmake/lib/gsmake/cmd/builtin/.gsmake/gsmake/github.com/gsmake/lua
2016-1-10 16:49:9 gsmake (.gsmake.lua:21) copy
	from:D:/workspace/gsmake/lib/gsmake/plugin/github.com/gsmake/lua/src/plugin/lua
	to:D:/workspace/gsmake/lib/gsmake/cmd/builtin/.gsmake/gsmake/github.com/gsmake/lua/gsmake
2016-1-10 16:49:9 gsmake (runner.lua:86) 	from package [github.com/gsmake/lua:snapshot] -- success
2016-1-10 16:49:9 gsmake (runner.lua:89) invoke task(install) -- success
2016-1-10 16:49:9 gsmake (plugin.lua:63) [github.com/gsmake/commands:snapshot] install plugin package [github.com/gsmake/lua:snapshot] -- success
	install path :D:/workspace/gsmake/lib/gsmake/cmd/builtin/.gsmake
2016-1-10 16:49:9 gsmake (plugin.lua:57) [github.com/gsdocker/gsos:snapshot] setup plugin package [github.com/gsmake/commands:snapshot] -- success
	path :D:/workspace/gsmake/lib/gsmake/cmd/builtin
2016-1-10 16:49:9 gsmake (plugin.lua:61) [github.com/gsdocker/gsos:snapshot] install plugin package [github.com/gsmake/commands:snapshot]
	install path :D:/workspace/gsos/.gsmake
2016-1-10 16:49:9 gsmake (runner.lua:46) register taskgroup(resources) :
2016-1-10 16:49:9 gsmake (runner.lua:48) 	from package [github.com/gsmake/lua:snapshot]
2016-1-10 16:49:9 gsmake (runner.lua:46) register taskgroup(install) :
2016-1-10 16:49:9 gsmake (runner.lua:48) 	from package [github.com/gsmake/lua:snapshot]
2016-1-10 16:49:9 gsmake (runner.lua:126) topshort task(install) from package [github.com/gsmake/lua:snapshot] ;lua language install task
2016-1-10 16:49:9 gsmake (runner.lua:126) topshort task(resources) from package [github.com/gsmake/lua:snapshot] ;prepare lua project's resources
2016-1-10 16:49:9 gsmake (runner.lua:70) invoke task(resources)
2016-1-10 16:49:9 gsmake (runner.lua:73) 	from package [github.com/gsmake/lua:snapshot] ...
2016-1-10 16:49:9 gsmake (runner.lua:86) 	from package [github.com/gsmake/lua:snapshot] -- success
2016-1-10 16:49:9 gsmake (runner.lua:89) invoke task(resources) -- success
2016-1-10 16:49:9 gsmake (runner.lua:70) invoke task(install)
2016-1-10 16:49:9 gsmake (runner.lua:73) 	from package [github.com/gsmake/lua:snapshot] ...
2016-1-10 16:49:9 gsmake (runner.lua:86) 	from package [github.com/gsmake/lua:snapshot] -- success
2016-1-10 16:49:9 gsmake (runner.lua:89) invoke task(install) -- success
2016-1-10 16:49:9 gsmake (plugin.lua:63) [github.com/gsdocker/gsos:snapshot] install plugin package [github.com/gsmake/commands:snapshot] -- success
	install path :D:/workspace/gsos/.gsmake
2016-1-10 16:49:9 gsmake (plugin.lua:55) [github.com/gsdocker/gsos:snapshot] setup plugin package [github.com/gsmake/golang:snapshot]
	path :D:\workspace\gsmake-golang\
2016-1-10 16:49:9 gsmake (plugin.lua:55) [github.com/gsmake/golang:snapshot] setup plugin package [github.com/gsmake/lua:snapshot]
	path :D:/workspace/gsmake/lib/gsmake/plugin/github.com/gsmake/lua
2016-1-10 16:49:9 gsmake (plugin.lua:57) [github.com/gsmake/golang:snapshot] setup plugin package [github.com/gsmake/lua:snapshot] -- success
	path :D:/workspace/gsmake/lib/gsmake/plugin/github.com/gsmake/lua
2016-1-10 16:49:9 gsmake (plugin.lua:61) [github.com/gsmake/golang:snapshot] install plugin package [github.com/gsmake/lua:snapshot]
	install path :D:/workspace/gsmake-golang/.gsmake
2016-1-10 16:49:9 gsmake (runner.lua:46) register taskgroup(install) :
2016-1-10 16:49:9 gsmake (runner.lua:48) 	from package [github.com/gsmake/lua:snapshot]
2016-1-10 16:49:9 gsmake (runner.lua:126) topshort task(install) from package [github.com/gsmake/lua:snapshot] ;lua bootstrap install task
2016-1-10 16:49:9 gsmake (runner.lua:70) invoke task(install)
2016-1-10 16:49:9 gsmake (runner.lua:73) 	from package [github.com/gsmake/lua:snapshot] ...
2016-1-10 16:49:9 gsmake (.gsmake.lua:14) install path :D:/workspace/gsmake-golang/.gsmake/gsmake/github.com/gsmake/lua
2016-1-10 16:49:9 gsmake (.gsmake.lua:21) copy
	from:D:/workspace/gsmake/lib/gsmake/plugin/github.com/gsmake/lua/src/plugin/lua
	to:D:/workspace/gsmake-golang/.gsmake/gsmake/github.com/gsmake/lua/gsmake
2016-1-10 16:49:9 gsmake (runner.lua:86) 	from package [github.com/gsmake/lua:snapshot] -- success
2016-1-10 16:49:9 gsmake (runner.lua:89) invoke task(install) -- success
2016-1-10 16:49:9 gsmake (plugin.lua:63) [github.com/gsmake/golang:snapshot] install plugin package [github.com/gsmake/lua:snapshot] -- success
	install path :D:/workspace/gsmake-golang/.gsmake
2016-1-10 16:49:9 gsmake (plugin.lua:57) [github.com/gsdocker/gsos:snapshot] setup plugin package [github.com/gsmake/golang:snapshot] -- success
	path :D:\workspace\gsmake-golang\
2016-1-10 16:49:9 gsmake (plugin.lua:61) [github.com/gsdocker/gsos:snapshot] install plugin package [github.com/gsmake/golang:snapshot]
	install path :D:/workspace/gsos/.gsmake
2016-1-10 16:49:9 gsmake (runner.lua:46) register taskgroup(resources) :
2016-1-10 16:49:9 gsmake (runner.lua:48) 	from package [github.com/gsmake/lua:snapshot]
2016-1-10 16:49:9 gsmake (runner.lua:46) register taskgroup(install) :
2016-1-10 16:49:9 gsmake (runner.lua:48) 	from package [github.com/gsmake/lua:snapshot]
2016-1-10 16:49:9 gsmake (runner.lua:126) topshort task(install) from package [github.com/gsmake/lua:snapshot] ;lua language install task
2016-1-10 16:49:9 gsmake (runner.lua:126) topshort task(resources) from package [github.com/gsmake/lua:snapshot] ;prepare lua project's resources
2016-1-10 16:49:9 gsmake (runner.lua:70) invoke task(resources)
2016-1-10 16:49:9 gsmake (runner.lua:73) 	from package [github.com/gsmake/lua:snapshot] ...
2016-1-10 16:49:9 gsmake (runner.lua:86) 	from package [github.com/gsmake/lua:snapshot] -- success
2016-1-10 16:49:9 gsmake (runner.lua:89) invoke task(resources) -- success
2016-1-10 16:49:9 gsmake (runner.lua:70) invoke task(install)
2016-1-10 16:49:9 gsmake (runner.lua:73) 	from package [github.com/gsmake/lua:snapshot] ...
2016-1-10 16:49:9 gsmake (runner.lua:86) 	from package [github.com/gsmake/lua:snapshot] -- success
2016-1-10 16:49:9 gsmake (runner.lua:89) invoke task(install) -- success
2016-1-10 16:49:9 gsmake (plugin.lua:63) [github.com/gsdocker/gsos:snapshot] install plugin package [github.com/gsmake/golang:snapshot] -- success
	install path :D:/workspace/gsos/.gsmake
2016-1-10 16:49:9 gsmake (runner.lua:46) register taskgroup(resources) :
2016-1-10 16:49:9 gsmake (runner.lua:48) 	from package [github.com/gsmake/golang:snapshot]
2016-1-10 16:49:9 gsmake (runner.lua:46) register taskgroup(list) :
2016-1-10 16:49:9 gsmake (runner.lua:48) 	from package [github.com/gsmake/commands:snapshot]
2016-1-10 16:49:9 gsmake (runner.lua:46) register taskgroup(cache) :
2016-1-10 16:49:9 gsmake (runner.lua:48) 	from package [github.com/gsmake/commands:snapshot]
2016-1-10 16:49:9 gsmake (runner.lua:46) register taskgroup(install) :
2016-1-10 16:49:9 gsmake (runner.lua:48) 	from package [github.com/gsmake/golang:snapshot]
2016-1-10 16:49:9 gsmake (runner.lua:46) register taskgroup(compile) :
2016-1-10 16:49:9 gsmake (runner.lua:48) 	from package [github.com/gsmake/golang:snapshot]
2016-1-10 16:49:9 gsmake (runner.lua:126) topshort task(resources) from package [github.com/gsmake/golang:snapshot] ;prepare dependencies package
2016-1-10 16:49:9 gsmake (runner.lua:70) invoke task(resources)
2016-1-10 16:49:9 gsmake (runner.lua:73) 	from package [github.com/gsmake/golang:snapshot] ...
2016-1-10 16:49:9 gsmake (plugin.lua:35) [github.com/gsdocker/gsos:snapshot] sync plugin package [github.com/gsmake/git:snapshot]
2016-1-10 16:49:9 gsmake (plugin.lua:39) [github.com/gsdocker/gsos:snapshot] sync plugin package [github.com/gsmake/git:snapshot] -- success
	path :D:/workspace/gsmake/lib/gsmake/sync/github.com/gsmake/git
2016-1-10 16:49:9 gsmake (plugin.lua:41) [github.com/gsdocker/gsos:snapshot] load plugin package [github.com/gsmake/git:snapshot]
	path :D:/workspace/gsmake/lib/gsmake/sync/github.com/gsmake/git
2016-1-10 16:49:9 gsmake (package.lua:24) loading gsmake package
	D:/workspace/gsmake/lib/gsmake/sync/github.com/gsmake/git/.gsmake.lua
2016-1-10 16:49:9 gsmake (package.lua:28) load gsmake package -- success
	D:/workspace/gsmake/lib/gsmake/sync/github.com/gsmake/git/.gsmake.lua
2016-1-10 16:49:9 gsmake (plugin.lua:35) [github.com/gsmake/git:snapshot] sync plugin package [github.com/gsmake/lua:snapshot]
2016-1-10 16:49:9 gsmake (plugin.lua:39) [github.com/gsmake/git:snapshot] sync plugin package [github.com/gsmake/lua:snapshot] -- success
	path :D:/workspace/gsmake/lib/gsmake/plugin/github.com/gsmake/lua
2016-1-10 16:49:9 gsmake (plugin.lua:41) [github.com/gsmake/git:snapshot] load plugin package [github.com/gsmake/lua:snapshot]
	path :D:/workspace/gsmake/lib/gsmake/plugin/github.com/gsmake/lua
2016-1-10 16:49:9 gsmake (package.lua:24) loading gsmake package
	D:/workspace/gsmake/lib/gsmake/plugin/github.com/gsmake/lua/.gsmake.lua
2016-1-10 16:49:9 gsmake (package.lua:28) load gsmake package -- success
	D:/workspace/gsmake/lib/gsmake/plugin/github.com/gsmake/lua/.gsmake.lua
2016-1-10 16:49:9 gsmake (plugin.lua:47) [github.com/gsmake/git:snapshot] load plugin package [github.com/gsmake/lua:snapshot] -- success
	path :D:/workspace/gsmake/lib/gsmake/plugin/github.com/gsmake/lua
2016-1-10 16:49:9 gsmake (plugin.lua:47) [github.com/gsdocker/gsos:snapshot] load plugin package [github.com/gsmake/git:snapshot] -- success
	path :D:/workspace/gsmake/lib/gsmake/sync/github.com/gsmake/git
2016-1-10 16:49:9 gsmake (plugin.lua:55) [github.com/gsdocker/gsos:snapshot] setup plugin package [github.com/gsmake/git:snapshot]
	path :D:/workspace/gsmake/lib/gsmake/sync/github.com/gsmake/git
2016-1-10 16:49:9 gsmake (plugin.lua:55) [github.com/gsmake/git:snapshot] setup plugin package [github.com/gsmake/lua:snapshot]
	path :D:/workspace/gsmake/lib/gsmake/plugin/github.com/gsmake/lua
2016-1-10 16:49:9 gsmake (plugin.lua:57) [github.com/gsmake/git:snapshot] setup plugin package [github.com/gsmake/lua:snapshot] -- success
	path :D:/workspace/gsmake/lib/gsmake/plugin/github.com/gsmake/lua
2016-1-10 16:49:9 gsmake (plugin.lua:61) [github.com/gsmake/git:snapshot] install plugin package [github.com/gsmake/lua:snapshot]
	install path :D:/workspace/gsmake/lib/gsmake/sync/github.com/gsmake/git/.gsmake
2016-1-10 16:49:9 gsmake (runner.lua:46) register taskgroup(install) :
2016-1-10 16:49:9 gsmake (runner.lua:48) 	from package [github.com/gsmake/lua:snapshot]
2016-1-10 16:49:9 gsmake (runner.lua:126) topshort task(install) from package [github.com/gsmake/lua:snapshot] ;lua bootstrap install task
2016-1-10 16:49:9 gsmake (runner.lua:70) invoke task(install)
2016-1-10 16:49:9 gsmake (runner.lua:73) 	from package [github.com/gsmake/lua:snapshot] ...
2016-1-10 16:49:9 gsmake (.gsmake.lua:14) install path :D:/workspace/gsmake/lib/gsmake/sync/github.com/gsmake/git/.gsmake/gsmake/github.com/gsmake/lua
2016-1-10 16:49:9 gsmake (.gsmake.lua:21) copy
	from:D:/workspace/gsmake/lib/gsmake/plugin/github.com/gsmake/lua/src/plugin/lua
	to:D:/workspace/gsmake/lib/gsmake/sync/github.com/gsmake/git/.gsmake/gsmake/github.com/gsmake/lua/gsmake
2016-1-10 16:49:9 gsmake (runner.lua:86) 	from package [github.com/gsmake/lua:snapshot] -- success
2016-1-10 16:49:9 gsmake (runner.lua:89) invoke task(install) -- success
2016-1-10 16:49:9 gsmake (plugin.lua:63) [github.com/gsmake/git:snapshot] install plugin package [github.com/gsmake/lua:snapshot] -- success
	install path :D:/workspace/gsmake/lib/gsmake/sync/github.com/gsmake/git/.gsmake
2016-1-10 16:49:9 gsmake (plugin.lua:57) [github.com/gsdocker/gsos:snapshot] setup plugin package [github.com/gsmake/git:snapshot] -- success
	path :D:/workspace/gsmake/lib/gsmake/sync/github.com/gsmake/git
2016-1-10 16:49:9 gsmake (plugin.lua:61) [github.com/gsdocker/gsos:snapshot] install plugin package [github.com/gsmake/git:snapshot]
	install path :D:/workspace/gsos/.gsmake
2016-1-10 16:49:9 gsmake (runner.lua:46) register taskgroup(resources) :
2016-1-10 16:49:9 gsmake (runner.lua:48) 	from package [github.com/gsmake/lua:snapshot]
2016-1-10 16:49:9 gsmake (runner.lua:46) register taskgroup(install) :
2016-1-10 16:49:9 gsmake (runner.lua:48) 	from package [github.com/gsmake/lua:snapshot]
2016-1-10 16:49:9 gsmake (runner.lua:126) topshort task(install) from package [github.com/gsmake/lua:snapshot] ;lua language install task
2016-1-10 16:49:9 gsmake (runner.lua:126) topshort task(resources) from package [github.com/gsmake/lua:snapshot] ;prepare lua project's resources
2016-1-10 16:49:9 gsmake (runner.lua:70) invoke task(resources)
2016-1-10 16:49:9 gsmake (runner.lua:73) 	from package [github.com/gsmake/lua:snapshot] ...
2016-1-10 16:49:9 gsmake (runner.lua:86) 	from package [github.com/gsmake/lua:snapshot] -- success
2016-1-10 16:49:9 gsmake (runner.lua:89) invoke task(resources) -- success
2016-1-10 16:49:9 gsmake (runner.lua:70) invoke task(install)
2016-1-10 16:49:9 gsmake (runner.lua:73) 	from package [github.com/gsmake/lua:snapshot] ...
2016-1-10 16:49:9 gsmake (runner.lua:86) 	from package [github.com/gsmake/lua:snapshot] -- success
2016-1-10 16:49:9 gsmake (runner.lua:89) invoke task(install) -- success
2016-1-10 16:49:9 gsmake (plugin.lua:63) [github.com/gsdocker/gsos:snapshot] install plugin package [github.com/gsmake/git:snapshot] -- success
	install path :D:/workspace/gsos/.gsmake
2016-1-10 16:49:9 gsmake (runner.lua:46) register taskgroup(sync_remote) :
2016-1-10 16:49:9 gsmake (runner.lua:48) 	from package [github.com/gsmake/git:snapshot]
2016-1-10 16:49:9 gsmake (runner.lua:46) register taskgroup(sync_source) :
2016-1-10 16:49:9 gsmake (runner.lua:48) 	from package [github.com/gsmake/git:snapshot]
2016-1-10 16:49:9 gsmake (runner.lua:46) register taskgroup(install) :
2016-1-10 16:49:9 gsmake (runner.lua:48) 	from package [github.com/gsmake/lua:snapshot]
2016-1-10 16:49:9 gsmake (runner.lua:48) 	from package [github.com/gsmake/lua:snapshot]
2016-1-10 16:49:9 gsmake (runner.lua:46) register taskgroup(resources) :
2016-1-10 16:49:9 gsmake (runner.lua:48) 	from package [github.com/gsmake/lua:snapshot]
2016-1-10 16:49:9 gsmake (runner.lua:48) 	from package [github.com/gsmake/lua:snapshot]
2016-1-10 16:49:9 gsmake (runner.lua:46) register taskgroup(sync_init) :
2016-1-10 16:49:9 gsmake (runner.lua:48) 	from package [github.com/gsmake/git:snapshot]
2016-1-10 16:49:9 gsmake (runner.lua:126) topshort task(sync_remote) from package [github.com/gsmake/git:snapshot] ;git downloader#sync_remote
2016-1-10 16:49:9 gsmake (runner.lua:126) topshort task(sync_init) from package [github.com/gsmake/git:snapshot] ;
2016-1-10 16:49:9 gsmake (runner.lua:70) invoke task(sync_init)
2016-1-10 16:49:9 gsmake (runner.lua:73) 	from package [github.com/gsmake/git:snapshot] ...
2016-1-10 16:49:9 gsmake (runner.lua:86) 	from package [github.com/gsmake/git:snapshot] -- success
2016-1-10 16:49:9 gsmake (runner.lua:89) invoke task(sync_init) -- success
2016-1-10 16:49:9 gsmake (runner.lua:70) invoke task(sync_remote)
2016-1-10 16:49:9 gsmake (runner.lua:73) 	from package [github.com/gsmake/git:snapshot] ...
2016-1-10 16:49:9 gsmake (plugin.lua:36) git sync:
	source :https://github.com/gsdocker/gserrors.git
	target: C:/Users/yayan/AppData/Local/Temp/d22e8734-408b-4e06-8bb4-4ec895f7f191
2016-1-10 16:49:12 gsmake (plugin.lua:45) git sync:
	source :C:/Users/yayan/AppData/Local/Temp/d22e8734-408b-4e06-8bb4-4ec895f7f191
	target: D:/workspace/gsmake/.repo/git/github.com/gsdocker/gserrors/mirror
2016-1-10 16:49:13 gsmake (runner.lua:86) 	from package [github.com/gsmake/git:snapshot] -- success
2016-1-10 16:49:13 gsmake (runner.lua:89) invoke task(sync_remote) -- success
2016-1-10 16:49:13 gsmake (plugin.lua:35) [github.com/gsdocker/gsos:snapshot] sync plugin package [github.com/gsmake/git:snapshot]
2016-1-10 16:49:13 gsmake (plugin.lua:39) [github.com/gsdocker/gsos:snapshot] sync plugin package [github.com/gsmake/git:snapshot] -- success
	path :D:/workspace/gsmake/lib/gsmake/sync/github.com/gsmake/git
2016-1-10 16:49:13 gsmake (plugin.lua:41) [github.com/gsdocker/gsos:snapshot] load plugin package [github.com/gsmake/git:snapshot]
	path :D:/workspace/gsmake/lib/gsmake/sync/github.com/gsmake/git
2016-1-10 16:49:13 gsmake (package.lua:24) loading gsmake package
	D:/workspace/gsmake/lib/gsmake/sync/github.com/gsmake/git/.gsmake.lua
2016-1-10 16:49:13 gsmake (package.lua:28) load gsmake package -- success
	D:/workspace/gsmake/lib/gsmake/sync/github.com/gsmake/git/.gsmake.lua
2016-1-10 16:49:13 gsmake (plugin.lua:35) [github.com/gsmake/git:snapshot] sync plugin package [github.com/gsmake/lua:snapshot]
2016-1-10 16:49:13 gsmake (plugin.lua:39) [github.com/gsmake/git:snapshot] sync plugin package [github.com/gsmake/lua:snapshot] -- success
	path :D:/workspace/gsmake/lib/gsmake/plugin/github.com/gsmake/lua
2016-1-10 16:49:13 gsmake (plugin.lua:41) [github.com/gsmake/git:snapshot] load plugin package [github.com/gsmake/lua:snapshot]
	path :D:/workspace/gsmake/lib/gsmake/plugin/github.com/gsmake/lua
2016-1-10 16:49:13 gsmake (package.lua:24) loading gsmake package
	D:/workspace/gsmake/lib/gsmake/plugin/github.com/gsmake/lua/.gsmake.lua
2016-1-10 16:49:13 gsmake (package.lua:28) load gsmake package -- success
	D:/workspace/gsmake/lib/gsmake/plugin/github.com/gsmake/lua/.gsmake.lua
2016-1-10 16:49:13 gsmake (plugin.lua:47) [github.com/gsmake/git:snapshot] load plugin package [github.com/gsmake/lua:snapshot] -- success
	path :D:/workspace/gsmake/lib/gsmake/plugin/github.com/gsmake/lua
2016-1-10 16:49:13 gsmake (plugin.lua:47) [github.com/gsdocker/gsos:snapshot] load plugin package [github.com/gsmake/git:snapshot] -- success
	path :D:/workspace/gsmake/lib/gsmake/sync/github.com/gsmake/git
2016-1-10 16:49:13 gsmake (plugin.lua:55) [github.com/gsdocker/gsos:snapshot] setup plugin package [github.com/gsmake/git:snapshot]
	path :D:/workspace/gsmake/lib/gsmake/sync/github.com/gsmake/git
2016-1-10 16:49:13 gsmake (plugin.lua:55) [github.com/gsmake/git:snapshot] setup plugin package [github.com/gsmake/lua:snapshot]
	path :D:/workspace/gsmake/lib/gsmake/plugin/github.com/gsmake/lua
2016-1-10 16:49:13 gsmake (plugin.lua:57) [github.com/gsmake/git:snapshot] setup plugin package [github.com/gsmake/lua:snapshot] -- success
	path :D:/workspace/gsmake/lib/gsmake/plugin/github.com/gsmake/lua
2016-1-10 16:49:13 gsmake (plugin.lua:61) [github.com/gsmake/git:snapshot] install plugin package [github.com/gsmake/lua:snapshot]
	install path :D:/workspace/gsmake/lib/gsmake/sync/github.com/gsmake/git/.gsmake
2016-1-10 16:49:13 gsmake (runner.lua:46) register taskgroup(install) :
2016-1-10 16:49:13 gsmake (runner.lua:48) 	from package [github.com/gsmake/lua:snapshot]
2016-1-10 16:49:13 gsmake (runner.lua:126) topshort task(install) from package [github.com/gsmake/lua:snapshot] ;lua bootstrap install task
2016-1-10 16:49:13 gsmake (runner.lua:70) invoke task(install)
2016-1-10 16:49:13 gsmake (runner.lua:73) 	from package [github.com/gsmake/lua:snapshot] ...
2016-1-10 16:49:13 gsmake (.gsmake.lua:14) install path :D:/workspace/gsmake/lib/gsmake/sync/github.com/gsmake/git/.gsmake/gsmake/github.com/gsmake/lua
2016-1-10 16:49:13 gsmake (.gsmake.lua:21) copy
	from:D:/workspace/gsmake/lib/gsmake/plugin/github.com/gsmake/lua/src/plugin/lua
	to:D:/workspace/gsmake/lib/gsmake/sync/github.com/gsmake/git/.gsmake/gsmake/github.com/gsmake/lua/gsmake
2016-1-10 16:49:13 gsmake (runner.lua:86) 	from package [github.com/gsmake/lua:snapshot] -- success
2016-1-10 16:49:13 gsmake (runner.lua:89) invoke task(install) -- success
2016-1-10 16:49:13 gsmake (plugin.lua:63) [github.com/gsmake/git:snapshot] install plugin package [github.com/gsmake/lua:snapshot] -- success
	install path :D:/workspace/gsmake/lib/gsmake/sync/github.com/gsmake/git/.gsmake
2016-1-10 16:49:13 gsmake (plugin.lua:57) [github.com/gsdocker/gsos:snapshot] setup plugin package [github.com/gsmake/git:snapshot] -- success
	path :D:/workspace/gsmake/lib/gsmake/sync/github.com/gsmake/git
2016-1-10 16:49:13 gsmake (plugin.lua:61) [github.com/gsdocker/gsos:snapshot] install plugin package [github.com/gsmake/git:snapshot]
	install path :D:/workspace/gsos/.gsmake
2016-1-10 16:49:13 gsmake (runner.lua:46) register taskgroup(resources) :
2016-1-10 16:49:13 gsmake (runner.lua:48) 	from package [github.com/gsmake/lua:snapshot]
2016-1-10 16:49:13 gsmake (runner.lua:46) register taskgroup(install) :
2016-1-10 16:49:13 gsmake (runner.lua:48) 	from package [github.com/gsmake/lua:snapshot]
2016-1-10 16:49:13 gsmake (runner.lua:126) topshort task(install) from package [github.com/gsmake/lua:snapshot] ;lua language install task
2016-1-10 16:49:13 gsmake (runner.lua:126) topshort task(resources) from package [github.com/gsmake/lua:snapshot] ;prepare lua project's resources
2016-1-10 16:49:13 gsmake (runner.lua:70) invoke task(resources)
2016-1-10 16:49:13 gsmake (runner.lua:73) 	from package [github.com/gsmake/lua:snapshot] ...
2016-1-10 16:49:13 gsmake (runner.lua:86) 	from package [github.com/gsmake/lua:snapshot] -- success
2016-1-10 16:49:13 gsmake (runner.lua:89) invoke task(resources) -- success
2016-1-10 16:49:13 gsmake (runner.lua:70) invoke task(install)
2016-1-10 16:49:13 gsmake (runner.lua:73) 	from package [github.com/gsmake/lua:snapshot] ...
2016-1-10 16:49:13 gsmake (runner.lua:86) 	from package [github.com/gsmake/lua:snapshot] -- success
2016-1-10 16:49:13 gsmake (runner.lua:89) invoke task(install) -- success
2016-1-10 16:49:13 gsmake (plugin.lua:63) [github.com/gsdocker/gsos:snapshot] install plugin package [github.com/gsmake/git:snapshot] -- success
	install path :D:/workspace/gsos/.gsmake
2016-1-10 16:49:13 gsmake (runner.lua:46) register taskgroup(sync_remote) :
2016-1-10 16:49:13 gsmake (runner.lua:48) 	from package [github.com/gsmake/git:snapshot]
2016-1-10 16:49:13 gsmake (runner.lua:46) register taskgroup(sync_source) :
2016-1-10 16:49:13 gsmake (runner.lua:48) 	from package [github.com/gsmake/git:snapshot]
2016-1-10 16:49:13 gsmake (runner.lua:46) register taskgroup(install) :
2016-1-10 16:49:13 gsmake (runner.lua:48) 	from package [github.com/gsmake/lua:snapshot]
2016-1-10 16:49:13 gsmake (runner.lua:48) 	from package [github.com/gsmake/lua:snapshot]
2016-1-10 16:49:13 gsmake (runner.lua:46) register taskgroup(resources) :
2016-1-10 16:49:13 gsmake (runner.lua:48) 	from package [github.com/gsmake/lua:snapshot]
2016-1-10 16:49:13 gsmake (runner.lua:48) 	from package [github.com/gsmake/lua:snapshot]
2016-1-10 16:49:13 gsmake (runner.lua:46) register taskgroup(sync_init) :
2016-1-10 16:49:13 gsmake (runner.lua:48) 	from package [github.com/gsmake/git:snapshot]
2016-1-10 16:49:13 gsmake (runner.lua:126) topshort task(sync_source) from package [github.com/gsmake/git:snapshot] ;git downloader#sync_source
2016-1-10 16:49:13 gsmake (runner.lua:126) topshort task(sync_init) from package [github.com/gsmake/git:snapshot] ;
2016-1-10 16:49:13 gsmake (runner.lua:70) invoke task(sync_init)
2016-1-10 16:49:13 gsmake (runner.lua:73) 	from package [github.com/gsmake/git:snapshot] ...
2016-1-10 16:49:13 gsmake (runner.lua:86) 	from package [github.com/gsmake/git:snapshot] -- success
2016-1-10 16:49:13 gsmake (runner.lua:89) invoke task(sync_init) -- success
2016-1-10 16:49:13 gsmake (runner.lua:70) invoke task(sync_source)
2016-1-10 16:49:13 gsmake (runner.lua:73) 	from package [github.com/gsmake/git:snapshot] ...
2016-1-10 16:49:13 gsmake (runner.lua:86) 	from package [github.com/gsmake/git:snapshot] -- success
2016-1-10 16:49:13 gsmake (runner.lua:89) invoke task(sync_source) -- success
2016-1-10 16:49:13 gsmake (plugin.lua:35) [github.com/gsdocker/gsos:snapshot] sync plugin package [github.com/gsmake/git:snapshot]
2016-1-10 16:49:13 gsmake (plugin.lua:39) [github.com/gsdocker/gsos:snapshot] sync plugin package [github.com/gsmake/git:snapshot] -- success
	path :D:/workspace/gsmake/lib/gsmake/sync/github.com/gsmake/git
2016-1-10 16:49:13 gsmake (plugin.lua:41) [github.com/gsdocker/gsos:snapshot] load plugin package [github.com/gsmake/git:snapshot]
	path :D:/workspace/gsmake/lib/gsmake/sync/github.com/gsmake/git
2016-1-10 16:49:13 gsmake (package.lua:24) loading gsmake package
	D:/workspace/gsmake/lib/gsmake/sync/github.com/gsmake/git/.gsmake.lua
2016-1-10 16:49:13 gsmake (package.lua:28) load gsmake package -- success
	D:/workspace/gsmake/lib/gsmake/sync/github.com/gsmake/git/.gsmake.lua
2016-1-10 16:49:13 gsmake (plugin.lua:35) [github.com/gsmake/git:snapshot] sync plugin package [github.com/gsmake/lua:snapshot]
2016-1-10 16:49:13 gsmake (plugin.lua:39) [github.com/gsmake/git:snapshot] sync plugin package [github.com/gsmake/lua:snapshot] -- success
	path :D:/workspace/gsmake/lib/gsmake/plugin/github.com/gsmake/lua
2016-1-10 16:49:13 gsmake (plugin.lua:41) [github.com/gsmake/git:snapshot] load plugin package [github.com/gsmake/lua:snapshot]
	path :D:/workspace/gsmake/lib/gsmake/plugin/github.com/gsmake/lua
2016-1-10 16:49:13 gsmake (package.lua:24) loading gsmake package
	D:/workspace/gsmake/lib/gsmake/plugin/github.com/gsmake/lua/.gsmake.lua
2016-1-10 16:49:13 gsmake (package.lua:28) load gsmake package -- success
	D:/workspace/gsmake/lib/gsmake/plugin/github.com/gsmake/lua/.gsmake.lua
2016-1-10 16:49:13 gsmake (plugin.lua:47) [github.com/gsmake/git:snapshot] load plugin package [github.com/gsmake/lua:snapshot] -- success
	path :D:/workspace/gsmake/lib/gsmake/plugin/github.com/gsmake/lua
2016-1-10 16:49:13 gsmake (plugin.lua:47) [github.com/gsdocker/gsos:snapshot] load plugin package [github.com/gsmake/git:snapshot] -- success
	path :D:/workspace/gsmake/lib/gsmake/sync/github.com/gsmake/git
2016-1-10 16:49:13 gsmake (plugin.lua:55) [github.com/gsdocker/gsos:snapshot] setup plugin package [github.com/gsmake/git:snapshot]
	path :D:/workspace/gsmake/lib/gsmake/sync/github.com/gsmake/git
2016-1-10 16:49:13 gsmake (plugin.lua:55) [github.com/gsmake/git:snapshot] setup plugin package [github.com/gsmake/lua:snapshot]
	path :D:/workspace/gsmake/lib/gsmake/plugin/github.com/gsmake/lua
2016-1-10 16:49:13 gsmake (plugin.lua:57) [github.com/gsmake/git:snapshot] setup plugin package [github.com/gsmake/lua:snapshot] -- success
	path :D:/workspace/gsmake/lib/gsmake/plugin/github.com/gsmake/lua
2016-1-10 16:49:13 gsmake (plugin.lua:61) [github.com/gsmake/git:snapshot] install plugin package [github.com/gsmake/lua:snapshot]
	install path :D:/workspace/gsmake/lib/gsmake/sync/github.com/gsmake/git/.gsmake
2016-1-10 16:49:13 gsmake (runner.lua:46) register taskgroup(install) :
2016-1-10 16:49:13 gsmake (runner.lua:48) 	from package [github.com/gsmake/lua:snapshot]
2016-1-10 16:49:13 gsmake (runner.lua:126) topshort task(install) from package [github.com/gsmake/lua:snapshot] ;lua bootstrap install task
2016-1-10 16:49:13 gsmake (runner.lua:70) invoke task(install)
2016-1-10 16:49:13 gsmake (runner.lua:73) 	from package [github.com/gsmake/lua:snapshot] ...
2016-1-10 16:49:13 gsmake (.gsmake.lua:14) install path :D:/workspace/gsmake/lib/gsmake/sync/github.com/gsmake/git/.gsmake/gsmake/github.com/gsmake/lua
2016-1-10 16:49:13 gsmake (.gsmake.lua:21) copy
	from:D:/workspace/gsmake/lib/gsmake/plugin/github.com/gsmake/lua/src/plugin/lua
	to:D:/workspace/gsmake/lib/gsmake/sync/github.com/gsmake/git/.gsmake/gsmake/github.com/gsmake/lua/gsmake
2016-1-10 16:49:13 gsmake (runner.lua:86) 	from package [github.com/gsmake/lua:snapshot] -- success
2016-1-10 16:49:13 gsmake (runner.lua:89) invoke task(install) -- success
2016-1-10 16:49:13 gsmake (plugin.lua:63) [github.com/gsmake/git:snapshot] install plugin package [github.com/gsmake/lua:snapshot] -- success
	install path :D:/workspace/gsmake/lib/gsmake/sync/github.com/gsmake/git/.gsmake
2016-1-10 16:49:13 gsmake (plugin.lua:57) [github.com/gsdocker/gsos:snapshot] setup plugin package [github.com/gsmake/git:snapshot] -- success
	path :D:/workspace/gsmake/lib/gsmake/sync/github.com/gsmake/git
2016-1-10 16:49:13 gsmake (plugin.lua:61) [github.com/gsdocker/gsos:snapshot] install plugin package [github.com/gsmake/git:snapshot]
	install path :D:/workspace/gsos/.gsmake
2016-1-10 16:49:13 gsmake (runner.lua:46) register taskgroup(resources) :
2016-1-10 16:49:13 gsmake (runner.lua:48) 	from package [github.com/gsmake/lua:snapshot]
2016-1-10 16:49:13 gsmake (runner.lua:46) register taskgroup(install) :
2016-1-10 16:49:13 gsmake (runner.lua:48) 	from package [github.com/gsmake/lua:snapshot]
2016-1-10 16:49:13 gsmake (runner.lua:126) topshort task(install) from package [github.com/gsmake/lua:snapshot] ;lua language install task
2016-1-10 16:49:13 gsmake (runner.lua:126) topshort task(resources) from package [github.com/gsmake/lua:snapshot] ;prepare lua project's resources
2016-1-10 16:49:13 gsmake (runner.lua:70) invoke task(resources)
2016-1-10 16:49:13 gsmake (runner.lua:73) 	from package [github.com/gsmake/lua:snapshot] ...
2016-1-10 16:49:13 gsmake (runner.lua:86) 	from package [github.com/gsmake/lua:snapshot] -- success
2016-1-10 16:49:13 gsmake (runner.lua:89) invoke task(resources) -- success
2016-1-10 16:49:13 gsmake (runner.lua:70) invoke task(install)
2016-1-10 16:49:13 gsmake (runner.lua:73) 	from package [github.com/gsmake/lua:snapshot] ...
2016-1-10 16:49:13 gsmake (runner.lua:86) 	from package [github.com/gsmake/lua:snapshot] -- success
2016-1-10 16:49:13 gsmake (runner.lua:89) invoke task(install) -- success
2016-1-10 16:49:13 gsmake (plugin.lua:63) [github.com/gsdocker/gsos:snapshot] install plugin package [github.com/gsmake/git:snapshot] -- success
	install path :D:/workspace/gsos/.gsmake
2016-1-10 16:49:13 gsmake (runner.lua:46) register taskgroup(sync_remote) :
2016-1-10 16:49:13 gsmake (runner.lua:48) 	from package [github.com/gsmake/git:snapshot]
2016-1-10 16:49:13 gsmake (runner.lua:46) register taskgroup(sync_source) :
2016-1-10 16:49:13 gsmake (runner.lua:48) 	from package [github.com/gsmake/git:snapshot]
2016-1-10 16:49:13 gsmake (runner.lua:46) register taskgroup(install) :
2016-1-10 16:49:13 gsmake (runner.lua:48) 	from package [github.com/gsmake/lua:snapshot]
2016-1-10 16:49:13 gsmake (runner.lua:48) 	from package [github.com/gsmake/lua:snapshot]
2016-1-10 16:49:13 gsmake (runner.lua:46) register taskgroup(resources) :
2016-1-10 16:49:13 gsmake (runner.lua:48) 	from package [github.com/gsmake/lua:snapshot]
2016-1-10 16:49:13 gsmake (runner.lua:48) 	from package [github.com/gsmake/lua:snapshot]
2016-1-10 16:49:13 gsmake (runner.lua:46) register taskgroup(sync_init) :
2016-1-10 16:49:13 gsmake (runner.lua:48) 	from package [github.com/gsmake/git:snapshot]
2016-1-10 16:49:13 gsmake (runner.lua:126) topshort task(sync_remote) from package [github.com/gsmake/git:snapshot] ;git downloader#sync_remote
2016-1-10 16:49:13 gsmake (runner.lua:126) topshort task(sync_init) from package [github.com/gsmake/git:snapshot] ;
2016-1-10 16:49:13 gsmake (runner.lua:70) invoke task(sync_init)
2016-1-10 16:49:13 gsmake (runner.lua:73) 	from package [github.com/gsmake/git:snapshot] ...
2016-1-10 16:49:13 gsmake (runner.lua:86) 	from package [github.com/gsmake/git:snapshot] -- success
2016-1-10 16:49:13 gsmake (runner.lua:89) invoke task(sync_init) -- success
2016-1-10 16:49:13 gsmake (runner.lua:70) invoke task(sync_remote)
2016-1-10 16:49:13 gsmake (runner.lua:73) 	from package [github.com/gsmake/git:snapshot] ...
2016-1-10 16:49:13 gsmake (plugin.lua:36) git sync:
	source :https://github.com/gsdocker/gslogger.git
	target: C:/Users/yayan/AppData/Local/Temp/7f52a6ac-6306-47b0-9bb9-4c080a7b1a0d
2016-1-10 16:49:16 gsmake (plugin.lua:45) git sync:
	source :C:/Users/yayan/AppData/Local/Temp/7f52a6ac-6306-47b0-9bb9-4c080a7b1a0d
	target: D:/workspace/gsmake/.repo/git/github.com/gsdocker/gslogger/mirror
2016-1-10 16:49:17 gsmake (runner.lua:86) 	from package [github.com/gsmake/git:snapshot] -- success
2016-1-10 16:49:17 gsmake (runner.lua:89) invoke task(sync_remote) -- success
2016-1-10 16:49:17 gsmake (plugin.lua:35) [github.com/gsdocker/gsos:snapshot] sync plugin package [github.com/gsmake/git:snapshot]
2016-1-10 16:49:17 gsmake (plugin.lua:39) [github.com/gsdocker/gsos:snapshot] sync plugin package [github.com/gsmake/git:snapshot] -- success
	path :D:/workspace/gsmake/lib/gsmake/sync/github.com/gsmake/git
2016-1-10 16:49:17 gsmake (plugin.lua:41) [github.com/gsdocker/gsos:snapshot] load plugin package [github.com/gsmake/git:snapshot]
	path :D:/workspace/gsmake/lib/gsmake/sync/github.com/gsmake/git
2016-1-10 16:49:17 gsmake (package.lua:24) loading gsmake package
	D:/workspace/gsmake/lib/gsmake/sync/github.com/gsmake/git/.gsmake.lua
2016-1-10 16:49:17 gsmake (package.lua:28) load gsmake package -- success
	D:/workspace/gsmake/lib/gsmake/sync/github.com/gsmake/git/.gsmake.lua
2016-1-10 16:49:17 gsmake (plugin.lua:35) [github.com/gsmake/git:snapshot] sync plugin package [github.com/gsmake/lua:snapshot]
2016-1-10 16:49:17 gsmake (plugin.lua:39) [github.com/gsmake/git:snapshot] sync plugin package [github.com/gsmake/lua:snapshot] -- success
	path :D:/workspace/gsmake/lib/gsmake/plugin/github.com/gsmake/lua
2016-1-10 16:49:17 gsmake (plugin.lua:41) [github.com/gsmake/git:snapshot] load plugin package [github.com/gsmake/lua:snapshot]
	path :D:/workspace/gsmake/lib/gsmake/plugin/github.com/gsmake/lua
2016-1-10 16:49:17 gsmake (package.lua:24) loading gsmake package
	D:/workspace/gsmake/lib/gsmake/plugin/github.com/gsmake/lua/.gsmake.lua
2016-1-10 16:49:17 gsmake (package.lua:28) load gsmake package -- success
	D:/workspace/gsmake/lib/gsmake/plugin/github.com/gsmake/lua/.gsmake.lua
2016-1-10 16:49:17 gsmake (plugin.lua:47) [github.com/gsmake/git:snapshot] load plugin package [github.com/gsmake/lua:snapshot] -- success
	path :D:/workspace/gsmake/lib/gsmake/plugin/github.com/gsmake/lua
2016-1-10 16:49:17 gsmake (plugin.lua:47) [github.com/gsdocker/gsos:snapshot] load plugin package [github.com/gsmake/git:snapshot] -- success
	path :D:/workspace/gsmake/lib/gsmake/sync/github.com/gsmake/git
2016-1-10 16:49:17 gsmake (plugin.lua:55) [github.com/gsdocker/gsos:snapshot] setup plugin package [github.com/gsmake/git:snapshot]
	path :D:/workspace/gsmake/lib/gsmake/sync/github.com/gsmake/git
2016-1-10 16:49:17 gsmake (plugin.lua:55) [github.com/gsmake/git:snapshot] setup plugin package [github.com/gsmake/lua:snapshot]
	path :D:/workspace/gsmake/lib/gsmake/plugin/github.com/gsmake/lua
2016-1-10 16:49:17 gsmake (plugin.lua:57) [github.com/gsmake/git:snapshot] setup plugin package [github.com/gsmake/lua:snapshot] -- success
	path :D:/workspace/gsmake/lib/gsmake/plugin/github.com/gsmake/lua
2016-1-10 16:49:17 gsmake (plugin.lua:61) [github.com/gsmake/git:snapshot] install plugin package [github.com/gsmake/lua:snapshot]
	install path :D:/workspace/gsmake/lib/gsmake/sync/github.com/gsmake/git/.gsmake
2016-1-10 16:49:17 gsmake (runner.lua:46) register taskgroup(install) :
2016-1-10 16:49:17 gsmake (runner.lua:48) 	from package [github.com/gsmake/lua:snapshot]
2016-1-10 16:49:17 gsmake (runner.lua:126) topshort task(install) from package [github.com/gsmake/lua:snapshot] ;lua bootstrap install task
2016-1-10 16:49:17 gsmake (runner.lua:70) invoke task(install)
2016-1-10 16:49:17 gsmake (runner.lua:73) 	from package [github.com/gsmake/lua:snapshot] ...
2016-1-10 16:49:17 gsmake (.gsmake.lua:14) install path :D:/workspace/gsmake/lib/gsmake/sync/github.com/gsmake/git/.gsmake/gsmake/github.com/gsmake/lua
2016-1-10 16:49:17 gsmake (.gsmake.lua:21) copy
	from:D:/workspace/gsmake/lib/gsmake/plugin/github.com/gsmake/lua/src/plugin/lua
	to:D:/workspace/gsmake/lib/gsmake/sync/github.com/gsmake/git/.gsmake/gsmake/github.com/gsmake/lua/gsmake
2016-1-10 16:49:18 gsmake (runner.lua:86) 	from package [github.com/gsmake/lua:snapshot] -- success
2016-1-10 16:49:18 gsmake (runner.lua:89) invoke task(install) -- success
2016-1-10 16:49:18 gsmake (plugin.lua:63) [github.com/gsmake/git:snapshot] install plugin package [github.com/gsmake/lua:snapshot] -- success
	install path :D:/workspace/gsmake/lib/gsmake/sync/github.com/gsmake/git/.gsmake
2016-1-10 16:49:18 gsmake (plugin.lua:57) [github.com/gsdocker/gsos:snapshot] setup plugin package [github.com/gsmake/git:snapshot] -- success
	path :D:/workspace/gsmake/lib/gsmake/sync/github.com/gsmake/git
2016-1-10 16:49:18 gsmake (plugin.lua:61) [github.com/gsdocker/gsos:snapshot] install plugin package [github.com/gsmake/git:snapshot]
	install path :D:/workspace/gsos/.gsmake
2016-1-10 16:49:18 gsmake (runner.lua:46) register taskgroup(resources) :
2016-1-10 16:49:18 gsmake (runner.lua:48) 	from package [github.com/gsmake/lua:snapshot]
2016-1-10 16:49:18 gsmake (runner.lua:46) register taskgroup(install) :
2016-1-10 16:49:18 gsmake (runner.lua:48) 	from package [github.com/gsmake/lua:snapshot]
2016-1-10 16:49:18 gsmake (runner.lua:126) topshort task(install) from package [github.com/gsmake/lua:snapshot] ;lua language install task
2016-1-10 16:49:18 gsmake (runner.lua:126) topshort task(resources) from package [github.com/gsmake/lua:snapshot] ;prepare lua project's resources
2016-1-10 16:49:18 gsmake (runner.lua:70) invoke task(resources)
2016-1-10 16:49:18 gsmake (runner.lua:73) 	from package [github.com/gsmake/lua:snapshot] ...
2016-1-10 16:49:18 gsmake (runner.lua:86) 	from package [github.com/gsmake/lua:snapshot] -- success
2016-1-10 16:49:18 gsmake (runner.lua:89) invoke task(resources) -- success
2016-1-10 16:49:18 gsmake (runner.lua:70) invoke task(install)
2016-1-10 16:49:18 gsmake (runner.lua:73) 	from package [github.com/gsmake/lua:snapshot] ...
2016-1-10 16:49:18 gsmake (runner.lua:86) 	from package [github.com/gsmake/lua:snapshot] -- success
2016-1-10 16:49:18 gsmake (runner.lua:89) invoke task(install) -- success
2016-1-10 16:49:18 gsmake (plugin.lua:63) [github.com/gsdocker/gsos:snapshot] install plugin package [github.com/gsmake/git:snapshot] -- success
	install path :D:/workspace/gsos/.gsmake
2016-1-10 16:49:18 gsmake (runner.lua:46) register taskgroup(sync_remote) :
2016-1-10 16:49:18 gsmake (runner.lua:48) 	from package [github.com/gsmake/git:snapshot]
2016-1-10 16:49:18 gsmake (runner.lua:46) register taskgroup(sync_source) :
2016-1-10 16:49:18 gsmake (runner.lua:48) 	from package [github.com/gsmake/git:snapshot]
2016-1-10 16:49:18 gsmake (runner.lua:46) register taskgroup(install) :
2016-1-10 16:49:18 gsmake (runner.lua:48) 	from package [github.com/gsmake/lua:snapshot]
2016-1-10 16:49:18 gsmake (runner.lua:48) 	from package [github.com/gsmake/lua:snapshot]
2016-1-10 16:49:18 gsmake (runner.lua:46) register taskgroup(resources) :
2016-1-10 16:49:18 gsmake (runner.lua:48) 	from package [github.com/gsmake/lua:snapshot]
2016-1-10 16:49:18 gsmake (runner.lua:48) 	from package [github.com/gsmake/lua:snapshot]
2016-1-10 16:49:18 gsmake (runner.lua:46) register taskgroup(sync_init) :
2016-1-10 16:49:18 gsmake (runner.lua:48) 	from package [github.com/gsmake/git:snapshot]
2016-1-10 16:49:18 gsmake (runner.lua:126) topshort task(sync_source) from package [github.com/gsmake/git:snapshot] ;git downloader#sync_source
2016-1-10 16:49:18 gsmake (runner.lua:126) topshort task(sync_init) from package [github.com/gsmake/git:snapshot] ;
2016-1-10 16:49:18 gsmake (runner.lua:70) invoke task(sync_init)
2016-1-10 16:49:18 gsmake (runner.lua:73) 	from package [github.com/gsmake/git:snapshot] ...
2016-1-10 16:49:18 gsmake (runner.lua:86) 	from package [github.com/gsmake/git:snapshot] -- success
2016-1-10 16:49:18 gsmake (runner.lua:89) invoke task(sync_init) -- success
2016-1-10 16:49:18 gsmake (runner.lua:70) invoke task(sync_source)
2016-1-10 16:49:18 gsmake (runner.lua:73) 	from package [github.com/gsmake/git:snapshot] ...
2016-1-10 16:49:18 gsmake (runner.lua:86) 	from package [github.com/gsmake/git:snapshot] -- success
2016-1-10 16:49:18 gsmake (runner.lua:89) invoke task(sync_source) -- success
2016-1-10 16:49:18 gsmake (plugin.lua:35) [github.com/gsdocker/gsos:snapshot] sync plugin package [github.com/gsmake/git:snapshot]
2016-1-10 16:49:18 gsmake (plugin.lua:39) [github.com/gsdocker/gsos:snapshot] sync plugin package [github.com/gsmake/git:snapshot] -- success
	path :D:/workspace/gsmake/lib/gsmake/sync/github.com/gsmake/git
2016-1-10 16:49:18 gsmake (plugin.lua:41) [github.com/gsdocker/gsos:snapshot] load plugin package [github.com/gsmake/git:snapshot]
	path :D:/workspace/gsmake/lib/gsmake/sync/github.com/gsmake/git
2016-1-10 16:49:18 gsmake (package.lua:24) loading gsmake package
	D:/workspace/gsmake/lib/gsmake/sync/github.com/gsmake/git/.gsmake.lua
2016-1-10 16:49:18 gsmake (package.lua:28) load gsmake package -- success
	D:/workspace/gsmake/lib/gsmake/sync/github.com/gsmake/git/.gsmake.lua
2016-1-10 16:49:18 gsmake (plugin.lua:35) [github.com/gsmake/git:snapshot] sync plugin package [github.com/gsmake/lua:snapshot]
2016-1-10 16:49:18 gsmake (plugin.lua:39) [github.com/gsmake/git:snapshot] sync plugin package [github.com/gsmake/lua:snapshot] -- success
	path :D:/workspace/gsmake/lib/gsmake/plugin/github.com/gsmake/lua
2016-1-10 16:49:18 gsmake (plugin.lua:41) [github.com/gsmake/git:snapshot] load plugin package [github.com/gsmake/lua:snapshot]
	path :D:/workspace/gsmake/lib/gsmake/plugin/github.com/gsmake/lua
2016-1-10 16:49:18 gsmake (package.lua:24) loading gsmake package
	D:/workspace/gsmake/lib/gsmake/plugin/github.com/gsmake/lua/.gsmake.lua
2016-1-10 16:49:18 gsmake (package.lua:28) load gsmake package -- success
	D:/workspace/gsmake/lib/gsmake/plugin/github.com/gsmake/lua/.gsmake.lua
2016-1-10 16:49:18 gsmake (plugin.lua:47) [github.com/gsmake/git:snapshot] load plugin package [github.com/gsmake/lua:snapshot] -- success
	path :D:/workspace/gsmake/lib/gsmake/plugin/github.com/gsmake/lua
2016-1-10 16:49:18 gsmake (plugin.lua:47) [github.com/gsdocker/gsos:snapshot] load plugin package [github.com/gsmake/git:snapshot] -- success
	path :D:/workspace/gsmake/lib/gsmake/sync/github.com/gsmake/git
2016-1-10 16:49:18 gsmake (plugin.lua:55) [github.com/gsdocker/gsos:snapshot] setup plugin package [github.com/gsmake/git:snapshot]
	path :D:/workspace/gsmake/lib/gsmake/sync/github.com/gsmake/git
2016-1-10 16:49:18 gsmake (plugin.lua:55) [github.com/gsmake/git:snapshot] setup plugin package [github.com/gsmake/lua:snapshot]
	path :D:/workspace/gsmake/lib/gsmake/plugin/github.com/gsmake/lua
2016-1-10 16:49:18 gsmake (plugin.lua:57) [github.com/gsmake/git:snapshot] setup plugin package [github.com/gsmake/lua:snapshot] -- success
	path :D:/workspace/gsmake/lib/gsmake/plugin/github.com/gsmake/lua
2016-1-10 16:49:18 gsmake (plugin.lua:61) [github.com/gsmake/git:snapshot] install plugin package [github.com/gsmake/lua:snapshot]
	install path :D:/workspace/gsmake/lib/gsmake/sync/github.com/gsmake/git/.gsmake
2016-1-10 16:49:18 gsmake (runner.lua:46) register taskgroup(install) :
2016-1-10 16:49:18 gsmake (runner.lua:48) 	from package [github.com/gsmake/lua:snapshot]
2016-1-10 16:49:18 gsmake (runner.lua:126) topshort task(install) from package [github.com/gsmake/lua:snapshot] ;lua bootstrap install task
2016-1-10 16:49:18 gsmake (runner.lua:70) invoke task(install)
2016-1-10 16:49:18 gsmake (runner.lua:73) 	from package [github.com/gsmake/lua:snapshot] ...
2016-1-10 16:49:18 gsmake (.gsmake.lua:14) install path :D:/workspace/gsmake/lib/gsmake/sync/github.com/gsmake/git/.gsmake/gsmake/github.com/gsmake/lua
2016-1-10 16:49:18 gsmake (.gsmake.lua:21) copy
	from:D:/workspace/gsmake/lib/gsmake/plugin/github.com/gsmake/lua/src/plugin/lua
	to:D:/workspace/gsmake/lib/gsmake/sync/github.com/gsmake/git/.gsmake/gsmake/github.com/gsmake/lua/gsmake
2016-1-10 16:49:18 gsmake (runner.lua:86) 	from package [github.com/gsmake/lua:snapshot] -- success
2016-1-10 16:49:18 gsmake (runner.lua:89) invoke task(install) -- success
2016-1-10 16:49:18 gsmake (plugin.lua:63) [github.com/gsmake/git:snapshot] install plugin package [github.com/gsmake/lua:snapshot] -- success
	install path :D:/workspace/gsmake/lib/gsmake/sync/github.com/gsmake/git/.gsmake
2016-1-10 16:49:18 gsmake (plugin.lua:57) [github.com/gsdocker/gsos:snapshot] setup plugin package [github.com/gsmake/git:snapshot] -- success
	path :D:/workspace/gsmake/lib/gsmake/sync/github.com/gsmake/git
2016-1-10 16:49:18 gsmake (plugin.lua:61) [github.com/gsdocker/gsos:snapshot] install plugin package [github.com/gsmake/git:snapshot]
	install path :D:/workspace/gsos/.gsmake
2016-1-10 16:49:18 gsmake (runner.lua:46) register taskgroup(resources) :
2016-1-10 16:49:18 gsmake (runner.lua:48) 	from package [github.com/gsmake/lua:snapshot]
2016-1-10 16:49:18 gsmake (runner.lua:46) register taskgroup(install) :
2016-1-10 16:49:18 gsmake (runner.lua:48) 	from package [github.com/gsmake/lua:snapshot]
2016-1-10 16:49:18 gsmake (runner.lua:126) topshort task(install) from package [github.com/gsmake/lua:snapshot] ;lua language install task
2016-1-10 16:49:18 gsmake (runner.lua:126) topshort task(resources) from package [github.com/gsmake/lua:snapshot] ;prepare lua project's resources
2016-1-10 16:49:18 gsmake (runner.lua:70) invoke task(resources)
2016-1-10 16:49:18 gsmake (runner.lua:73) 	from package [github.com/gsmake/lua:snapshot] ...
2016-1-10 16:49:18 gsmake (runner.lua:86) 	from package [github.com/gsmake/lua:snapshot] -- success
2016-1-10 16:49:18 gsmake (runner.lua:89) invoke task(resources) -- success
2016-1-10 16:49:18 gsmake (runner.lua:70) invoke task(install)
2016-1-10 16:49:18 gsmake (runner.lua:73) 	from package [github.com/gsmake/lua:snapshot] ...
2016-1-10 16:49:18 gsmake (runner.lua:86) 	from package [github.com/gsmake/lua:snapshot] -- success
2016-1-10 16:49:18 gsmake (runner.lua:89) invoke task(install) -- success
2016-1-10 16:49:18 gsmake (plugin.lua:63) [github.com/gsdocker/gsos:snapshot] install plugin package [github.com/gsmake/git:snapshot] -- success
	install path :D:/workspace/gsos/.gsmake
2016-1-10 16:49:18 gsmake (runner.lua:46) register taskgroup(sync_remote) :
2016-1-10 16:49:18 gsmake (runner.lua:48) 	from package [github.com/gsmake/git:snapshot]
2016-1-10 16:49:18 gsmake (runner.lua:46) register taskgroup(sync_source) :
2016-1-10 16:49:18 gsmake (runner.lua:48) 	from package [github.com/gsmake/git:snapshot]
2016-1-10 16:49:18 gsmake (runner.lua:46) register taskgroup(install) :
2016-1-10 16:49:18 gsmake (runner.lua:48) 	from package [github.com/gsmake/lua:snapshot]
2016-1-10 16:49:18 gsmake (runner.lua:48) 	from package [github.com/gsmake/lua:snapshot]
2016-1-10 16:49:18 gsmake (runner.lua:46) register taskgroup(resources) :
2016-1-10 16:49:18 gsmake (runner.lua:48) 	from package [github.com/gsmake/lua:snapshot]
2016-1-10 16:49:18 gsmake (runner.lua:48) 	from package [github.com/gsmake/lua:snapshot]
2016-1-10 16:49:18 gsmake (runner.lua:46) register taskgroup(sync_init) :
2016-1-10 16:49:18 gsmake (runner.lua:48) 	from package [github.com/gsmake/git:snapshot]
2016-1-10 16:49:18 gsmake (runner.lua:126) topshort task(sync_remote) from package [github.com/gsmake/git:snapshot] ;git downloader#sync_remote
2016-1-10 16:49:18 gsmake (runner.lua:126) topshort task(sync_init) from package [github.com/gsmake/git:snapshot] ;
2016-1-10 16:49:18 gsmake (runner.lua:70) invoke task(sync_init)
2016-1-10 16:49:18 gsmake (runner.lua:73) 	from package [github.com/gsmake/git:snapshot] ...
2016-1-10 16:49:18 gsmake (runner.lua:86) 	from package [github.com/gsmake/git:snapshot] -- success
2016-1-10 16:49:18 gsmake (runner.lua:89) invoke task(sync_init) -- success
2016-1-10 16:49:18 gsmake (runner.lua:70) invoke task(sync_remote)
2016-1-10 16:49:18 gsmake (runner.lua:73) 	from package [github.com/gsmake/git:snapshot] ...
2016-1-10 16:49:18 gsmake (plugin.lua:36) git sync:
	source :https://github.com/go-fsnotify/fsnotify.git
	target: C:/Users/yayan/AppData/Local/Temp/a5ab6d6c-07c3-4b72-8655-91b001f5bd07
2016-1-10 16:49:22 gsmake (plugin.lua:45) git sync:
	source :C:/Users/yayan/AppData/Local/Temp/a5ab6d6c-07c3-4b72-8655-91b001f5bd07
	target: D:/workspace/gsmake/.repo/git/github.com/go-fsnotify/fsnotify/mirror
2016-1-10 16:49:23 gsmake (runner.lua:86) 	from package [github.com/gsmake/git:snapshot] -- success
2016-1-10 16:49:23 gsmake (runner.lua:89) invoke task(sync_remote) -- success
2016-1-10 16:49:23 gsmake (plugin.lua:35) [github.com/gsdocker/gsos:snapshot] sync plugin package [github.com/gsmake/git:snapshot]
2016-1-10 16:49:23 gsmake (plugin.lua:39) [github.com/gsdocker/gsos:snapshot] sync plugin package [github.com/gsmake/git:snapshot] -- success
	path :D:/workspace/gsmake/lib/gsmake/sync/github.com/gsmake/git
2016-1-10 16:49:23 gsmake (plugin.lua:41) [github.com/gsdocker/gsos:snapshot] load plugin package [github.com/gsmake/git:snapshot]
	path :D:/workspace/gsmake/lib/gsmake/sync/github.com/gsmake/git
2016-1-10 16:49:23 gsmake (package.lua:24) loading gsmake package
	D:/workspace/gsmake/lib/gsmake/sync/github.com/gsmake/git/.gsmake.lua
2016-1-10 16:49:23 gsmake (package.lua:28) load gsmake package -- success
	D:/workspace/gsmake/lib/gsmake/sync/github.com/gsmake/git/.gsmake.lua
2016-1-10 16:49:23 gsmake (plugin.lua:35) [github.com/gsmake/git:snapshot] sync plugin package [github.com/gsmake/lua:snapshot]
2016-1-10 16:49:23 gsmake (plugin.lua:39) [github.com/gsmake/git:snapshot] sync plugin package [github.com/gsmake/lua:snapshot] -- success
	path :D:/workspace/gsmake/lib/gsmake/plugin/github.com/gsmake/lua
2016-1-10 16:49:23 gsmake (plugin.lua:41) [github.com/gsmake/git:snapshot] load plugin package [github.com/gsmake/lua:snapshot]
	path :D:/workspace/gsmake/lib/gsmake/plugin/github.com/gsmake/lua
2016-1-10 16:49:23 gsmake (package.lua:24) loading gsmake package
	D:/workspace/gsmake/lib/gsmake/plugin/github.com/gsmake/lua/.gsmake.lua
2016-1-10 16:49:23 gsmake (package.lua:28) load gsmake package -- success
	D:/workspace/gsmake/lib/gsmake/plugin/github.com/gsmake/lua/.gsmake.lua
2016-1-10 16:49:23 gsmake (plugin.lua:47) [github.com/gsmake/git:snapshot] load plugin package [github.com/gsmake/lua:snapshot] -- success
	path :D:/workspace/gsmake/lib/gsmake/plugin/github.com/gsmake/lua
2016-1-10 16:49:23 gsmake (plugin.lua:47) [github.com/gsdocker/gsos:snapshot] load plugin package [github.com/gsmake/git:snapshot] -- success
	path :D:/workspace/gsmake/lib/gsmake/sync/github.com/gsmake/git
2016-1-10 16:49:23 gsmake (plugin.lua:55) [github.com/gsdocker/gsos:snapshot] setup plugin package [github.com/gsmake/git:snapshot]
	path :D:/workspace/gsmake/lib/gsmake/sync/github.com/gsmake/git
2016-1-10 16:49:23 gsmake (plugin.lua:55) [github.com/gsmake/git:snapshot] setup plugin package [github.com/gsmake/lua:snapshot]
	path :D:/workspace/gsmake/lib/gsmake/plugin/github.com/gsmake/lua
2016-1-10 16:49:23 gsmake (plugin.lua:57) [github.com/gsmake/git:snapshot] setup plugin package [github.com/gsmake/lua:snapshot] -- success
	path :D:/workspace/gsmake/lib/gsmake/plugin/github.com/gsmake/lua
2016-1-10 16:49:23 gsmake (plugin.lua:61) [github.com/gsmake/git:snapshot] install plugin package [github.com/gsmake/lua:snapshot]
	install path :D:/workspace/gsmake/lib/gsmake/sync/github.com/gsmake/git/.gsmake
2016-1-10 16:49:23 gsmake (runner.lua:46) register taskgroup(install) :
2016-1-10 16:49:23 gsmake (runner.lua:48) 	from package [github.com/gsmake/lua:snapshot]
2016-1-10 16:49:23 gsmake (runner.lua:126) topshort task(install) from package [github.com/gsmake/lua:snapshot] ;lua bootstrap install task
2016-1-10 16:49:23 gsmake (runner.lua:70) invoke task(install)
2016-1-10 16:49:23 gsmake (runner.lua:73) 	from package [github.com/gsmake/lua:snapshot] ...
2016-1-10 16:49:23 gsmake (.gsmake.lua:14) install path :D:/workspace/gsmake/lib/gsmake/sync/github.com/gsmake/git/.gsmake/gsmake/github.com/gsmake/lua
2016-1-10 16:49:23 gsmake (.gsmake.lua:21) copy
	from:D:/workspace/gsmake/lib/gsmake/plugin/github.com/gsmake/lua/src/plugin/lua
	to:D:/workspace/gsmake/lib/gsmake/sync/github.com/gsmake/git/.gsmake/gsmake/github.com/gsmake/lua/gsmake
2016-1-10 16:49:23 gsmake (runner.lua:86) 	from package [github.com/gsmake/lua:snapshot] -- success
2016-1-10 16:49:23 gsmake (runner.lua:89) invoke task(install) -- success
2016-1-10 16:49:23 gsmake (plugin.lua:63) [github.com/gsmake/git:snapshot] install plugin package [github.com/gsmake/lua:snapshot] -- success
	install path :D:/workspace/gsmake/lib/gsmake/sync/github.com/gsmake/git/.gsmake
2016-1-10 16:49:23 gsmake (plugin.lua:57) [github.com/gsdocker/gsos:snapshot] setup plugin package [github.com/gsmake/git:snapshot] -- success
	path :D:/workspace/gsmake/lib/gsmake/sync/github.com/gsmake/git
2016-1-10 16:49:23 gsmake (plugin.lua:61) [github.com/gsdocker/gsos:snapshot] install plugin package [github.com/gsmake/git:snapshot]
	install path :D:/workspace/gsos/.gsmake
2016-1-10 16:49:23 gsmake (runner.lua:46) register taskgroup(resources) :
2016-1-10 16:49:23 gsmake (runner.lua:48) 	from package [github.com/gsmake/lua:snapshot]
2016-1-10 16:49:23 gsmake (runner.lua:46) register taskgroup(install) :
2016-1-10 16:49:23 gsmake (runner.lua:48) 	from package [github.com/gsmake/lua:snapshot]
2016-1-10 16:49:23 gsmake (runner.lua:126) topshort task(install) from package [github.com/gsmake/lua:snapshot] ;lua language install task
2016-1-10 16:49:23 gsmake (runner.lua:126) topshort task(resources) from package [github.com/gsmake/lua:snapshot] ;prepare lua project's resources
2016-1-10 16:49:23 gsmake (runner.lua:70) invoke task(resources)
2016-1-10 16:49:23 gsmake (runner.lua:73) 	from package [github.com/gsmake/lua:snapshot] ...
2016-1-10 16:49:23 gsmake (runner.lua:86) 	from package [github.com/gsmake/lua:snapshot] -- success
2016-1-10 16:49:23 gsmake (runner.lua:89) invoke task(resources) -- success
2016-1-10 16:49:23 gsmake (runner.lua:70) invoke task(install)
2016-1-10 16:49:23 gsmake (runner.lua:73) 	from package [github.com/gsmake/lua:snapshot] ...
2016-1-10 16:49:23 gsmake (runner.lua:86) 	from package [github.com/gsmake/lua:snapshot] -- success
2016-1-10 16:49:23 gsmake (runner.lua:89) invoke task(install) -- success
2016-1-10 16:49:23 gsmake (plugin.lua:63) [github.com/gsdocker/gsos:snapshot] install plugin package [github.com/gsmake/git:snapshot] -- success
	install path :D:/workspace/gsos/.gsmake
2016-1-10 16:49:23 gsmake (runner.lua:46) register taskgroup(sync_remote) :
2016-1-10 16:49:23 gsmake (runner.lua:48) 	from package [github.com/gsmake/git:snapshot]
2016-1-10 16:49:23 gsmake (runner.lua:46) register taskgroup(sync_source) :
2016-1-10 16:49:23 gsmake (runner.lua:48) 	from package [github.com/gsmake/git:snapshot]
2016-1-10 16:49:23 gsmake (runner.lua:46) register taskgroup(install) :
2016-1-10 16:49:23 gsmake (runner.lua:48) 	from package [github.com/gsmake/lua:snapshot]
2016-1-10 16:49:23 gsmake (runner.lua:48) 	from package [github.com/gsmake/lua:snapshot]
2016-1-10 16:49:23 gsmake (runner.lua:46) register taskgroup(resources) :
2016-1-10 16:49:23 gsmake (runner.lua:48) 	from package [github.com/gsmake/lua:snapshot]
2016-1-10 16:49:23 gsmake (runner.lua:48) 	from package [github.com/gsmake/lua:snapshot]
2016-1-10 16:49:23 gsmake (runner.lua:46) register taskgroup(sync_init) :
2016-1-10 16:49:23 gsmake (runner.lua:48) 	from package [github.com/gsmake/git:snapshot]
2016-1-10 16:49:23 gsmake (runner.lua:126) topshort task(sync_source) from package [github.com/gsmake/git:snapshot] ;git downloader#sync_source
2016-1-10 16:49:23 gsmake (runner.lua:126) topshort task(sync_init) from package [github.com/gsmake/git:snapshot] ;
2016-1-10 16:49:23 gsmake (runner.lua:70) invoke task(sync_init)
2016-1-10 16:49:23 gsmake (runner.lua:73) 	from package [github.com/gsmake/git:snapshot] ...
2016-1-10 16:49:23 gsmake (runner.lua:86) 	from package [github.com/gsmake/git:snapshot] -- success
2016-1-10 16:49:23 gsmake (runner.lua:89) invoke task(sync_init) -- success
2016-1-10 16:49:23 gsmake (runner.lua:70) invoke task(sync_source)
2016-1-10 16:49:23 gsmake (runner.lua:73) 	from package [github.com/gsmake/git:snapshot] ...
2016-1-10 16:49:23 gsmake (runner.lua:86) 	from package [github.com/gsmake/git:snapshot] -- success
2016-1-10 16:49:23 gsmake (runner.lua:89) invoke task(sync_source) -- success
2016-1-10 16:49:23 gsmake (runner.lua:86) 	from package [github.com/gsmake/golang:snapshot] -- success
2016-1-10 16:49:23 gsmake (runner.lua:89) invoke task(resources) -- success
